Determining if the pthread_create exist failed with the following output:
Change Dir: /home/theneonlightning/Project/untitled8/cmake-build-debug/CMakeFiles/CMakeTmp

Run Build Command:"/usr/bin/make" "cmTC_7b385/fast"
/usr/bin/make -f CMakeFiles/cmTC_7b385.dir/build.make CMakeFiles/cmTC_7b385.dir/build
make[1]: вход в каталог «/home/theneonlightning/Project/untitled8/cmake-build-debug/CMakeFiles/CMakeTmp»
Building C object CMakeFiles/cmTC_7b385.dir/CheckSymbolExists.c.o
/usr/bin/cc    -o CMakeFiles/cmTC_7b385.dir/CheckSymbolExists.c.o   -c /home/theneonlightning/Project/untitled8/cmake-build-debug/CMakeFiles/CMakeTmp/CheckSymbolExists.c
Linking C executable cmTC_7b385
/snap/clion/67/bin/cmake/linux/bin/cmake -E cmake_link_script CMakeFiles/cmTC_7b385.dir/link.txt --verbose=1
/usr/bin/cc      -rdynamic CMakeFiles/cmTC_7b385.dir/CheckSymbolExists.c.o  -o cmTC_7b385 
CMakeFiles/cmTC_7b385.dir/CheckSymbolExists.c.o: In function `main':
CheckSymbolExists.c:(.text+0x1b): undefined reference to `pthread_create'
collect2: error: ld returned 1 exit status
CMakeFiles/cmTC_7b385.dir/build.make:86: recipe for target 'cmTC_7b385' failed
make[1]: *** [cmTC_7b385] Error 1
make[1]: выход из каталога «/home/theneonlightning/Project/untitled8/cmake-build-debug/CMakeFiles/CMakeTmp»
Makefile:121: recipe for target 'cmTC_7b385/fast' failed
make: *** [cmTC_7b385/fast] Error 2

File /home/theneonlightning/Project/untitled8/cmake-build-debug/CMakeFiles/CMakeTmp/CheckSymbolExists.c:
/* */
#include <pthread.h>

int main(int argc, char** argv)
{
  (void)argv;
#ifndef pthread_create
  return ((int*)(&pthread_create))[argc];
#else
  (void)argc;
  return 0;
#endif
}

Determining if the function pthread_create exists in the pthreads failed with the following output:
Change Dir: /home/theneonlightning/Project/untitled8/cmake-build-debug/CMakeFiles/CMakeTmp

Run Build Command:"/usr/bin/make" "cmTC_c4cea/fast"
/usr/bin/make -f CMakeFiles/cmTC_c4cea.dir/build.make CMakeFiles/cmTC_c4cea.dir/build
make[1]: вход в каталог «/home/theneonlightning/Project/untitled8/cmake-build-debug/CMakeFiles/CMakeTmp»
Building C object CMakeFiles/cmTC_c4cea.dir/CheckFunctionExists.c.o
/usr/bin/cc   -DCHECK_FUNCTION_EXISTS=pthread_create   -o CMakeFiles/cmTC_c4cea.dir/CheckFunctionExists.c.o   -c /snap/clion/67/bin/cmake/linux/share/cmake-3.13/Modules/CheckFunctionExists.c
Linking C executable cmTC_c4cea
/snap/clion/67/bin/cmake/linux/bin/cmake -E cmake_link_script CMakeFiles/cmTC_c4cea.dir/link.txt --verbose=1
/usr/bin/cc  -DCHECK_FUNCTION_EXISTS=pthread_create    -rdynamic CMakeFiles/cmTC_c4cea.dir/CheckFunctionExists.c.o  -o cmTC_c4cea -lpthreads 
/usr/bin/ld: cannot find -lpthreads
collect2: error: ld returned 1 exit status
CMakeFiles/cmTC_c4cea.dir/build.make:86: recipe for target 'cmTC_c4cea' failed
make[1]: *** [cmTC_c4cea] Error 1
make[1]: выход из каталога «/home/theneonlightning/Project/untitled8/cmake-build-debug/CMakeFiles/CMakeTmp»
Makefile:121: recipe for target 'cmTC_c4cea/fast' failed
make: *** [cmTC_c4cea/fast] Error 2


